0 info it worked if it ends with ok
1 verbose cli [ '/usr/bin/node', '/usr/bin/npm', 'publish' ]
2 info using npm@3.5.2
3 info using node@v8.10.0
4 verbose publish [ '.' ]
5 silly cache add args [ '.', null ]
6 verbose cache add spec .
7 silly cache add parsed spec Result {
7 silly cache add   raw: '.',
7 silly cache add   scope: null,
7 silly cache add   name: null,
7 silly cache add   rawSpec: '.',
7 silly cache add   spec: '/home/michael/Documents/gitRepos/markdown-it-erd',
7 silly cache add   type: 'directory' }
8 verbose addLocalDirectory /home/michael/.npm/markdown-it-erd/1.0.0/package.tgz not in flight; packing
9 info lifecycle markdown-it-erd@1.0.0~prepublish: markdown-it-erd@1.0.0
10 silly lifecycle markdown-it-erd@1.0.0~prepublish: no script for prepublish, continuing
11 verbose tar pack [ '/home/michael/.npm/markdown-it-erd/1.0.0/package.tgz',
11 verbose tar pack   '/home/michael/Documents/gitRepos/markdown-it-erd' ]
12 verbose tarball /home/michael/.npm/markdown-it-erd/1.0.0/package.tgz
13 verbose folder /home/michael/Documents/gitRepos/markdown-it-erd
14 verbose addLocalTarball adding from inside cache /home/michael/.npm/markdown-it-erd/1.0.0/package.tgz
15 silly cache afterAdd markdown-it-erd@1.0.0
16 verbose afterAdd /home/michael/.npm/markdown-it-erd/1.0.0/package/package.json not in flight; writing
17 verbose afterAdd /home/michael/.npm/markdown-it-erd/1.0.0/package/package.json written
18 silly publish { name: 'markdown-it-erd',
18 silly publish   version: '1.0.0',
18 silly publish   description: 'A markdown-it parser for the .er files',
18 silly publish   main: 'index.js',
18 silly publish   scripts: { test: 'node test/index.js' },
18 silly publish   repository:
18 silly publish    { type: 'git',
18 silly publish      url: 'git+https://github.com/user-name-is-taken/markdown-it-erd.git' },
18 silly publish   keywords: [ 'markdown-it', 'markdown', 'markdown-it-plugin', 'erd' ],
18 silly publish   author: { name: 'Michael Lundquist' },
18 silly publish   license: 'MIT',
18 silly publish   bugs:
18 silly publish    { url: 'https://github.com/user-name-is-taken/markdown-it-erd/issues' },
18 silly publish   homepage: 'https://github.com/user-name-is-taken/markdown-it-erd#readme',
18 silly publish   readme: '# Markdown\n\n- This is a [markdown-it](https://github.com/markdown-it) plugin for [burnt sushi\'s erd format](https://github.com/BurntSushi/erd)\n- [Example project- emojis](https://github.com/mjbvz/vscode-markdown-emoji)\n- [example: mirmaid](https://github.com/tylingsoft/markdown-it-mermaid)\n\n- [npm markdown-it plugins](https://www.npmjs.com/search?q=keywords%3Amarkdown-it-plugin)\n  - [erd npm package](https://www.npmjs.com/package/erd)\n\n\n- [plugin dev docs](https://github.com/markdown-it/markdown-it/tree/master/docs)\n- [markdown styles stuff?](https://vscode.readthedocs.io/en/latest/extensionAPI/api-markdown/#changing-the-look-of-the-markdown-preview-with-css)\n\n- syntax highlights files:\n  - [brackets...](../vsc-er-syntax-highlighting/language-configuration.json)\n  - [something else](../vsc-er-syntax-highlighting/syntaxes/er.tmLanguage.json)\n\n- [writing npm packages](https://auth0.com/blog/developing-npm-packages/)\n\n- token: 8bcbf1e2-4b09-447f-9a8b-8d1f1a52db15\n\n- use `npm install <pkg> --save` afterwards to install a package and save it as a dependency in the package.json file.\n- See `npm help json` for definitive documentation on these fields\nand exactly what they do.',
18 silly publish   readmeFilename: 'README.md',
18 silly publish   _id: 'markdown-it-erd@1.0.0',
18 silly publish   _shasum: 'e62b66c6ab61f72bd95ce13c272f091e7e064d03',
18 silly publish   _from: '.' }
19 verbose getPublishConfig undefined
20 silly mapToRegistry name markdown-it-erd
21 silly mapToRegistry using default registry
22 silly mapToRegistry registry https://registry.npmjs.org/
23 silly mapToRegistry uri https://registry.npmjs.org/markdown-it-erd
24 verbose publish registryBase https://registry.npmjs.org/
25 silly publish uploading /home/michael/.npm/markdown-it-erd/1.0.0/package.tgz
26 verbose request uri https://registry.npmjs.org/markdown-it-erd
27 verbose request sending authorization for write operation
28 info attempt registry request try #1 at 9:17:32 PM
29 verbose request using bearer token for auth
30 verbose request id b431b5a1bff37968
31 http request PUT https://registry.npmjs.org/markdown-it-erd
32 http 403 https://registry.npmjs.org/markdown-it-erd
33 verbose headers { date: 'Wed, 18 Dec 2019 02:17:33 GMT',
33 verbose headers   'content-type': 'application/json',
33 verbose headers   'transfer-encoding': 'chunked',
33 verbose headers   connection: 'keep-alive',
33 verbose headers   'set-cookie':
33 verbose headers    [ '__cfduid=d72d20f986058dc38b46908c3a8aebcfe1576635452; expires=Fri, 17-Jan-20 02:17:32 GMT; path=/; domain=.npmjs.org; HttpOnly; SameSite=Lax' ],
33 verbose headers   'cf-ray': '546da41c48e3e0ce-IAD',
33 verbose headers   'cf-cache-status': 'DYNAMIC',
33 verbose headers   'expect-ct': 'max-age=604800, report-uri="https://report-uri.cloudflare.com/cdn-cgi/beacon/expect-ct"',
33 verbose headers   vary: 'Accept-Encoding',
33 verbose headers   server: 'cloudflare',
33 verbose headers   'content-encoding': 'gzip' }
34 verbose request invalidating /home/michael/.npm/registry.npmjs.org/markdown-it-erd on PUT
35 error publish Failed PUT 403
36 verbose stack Error: you must verify your email before publishing a new package: https://www.npmjs.com/email-edit : markdown-it-erd
36 verbose stack     at makeError (/usr/share/npm/node_modules/npm-registry-client/lib/request.js:264:12)
36 verbose stack     at CachingRegistryClient.<anonymous> (/usr/share/npm/node_modules/npm-registry-client/lib/request.js:252:14)
36 verbose stack     at /usr/share/npm/node_modules/npm-registry-client/lib/request.js:178:7
36 verbose stack     at Gunzip.onEnd (zlib.js:131:5)
36 verbose stack     at emitNone (events.js:111:20)
36 verbose stack     at Gunzip.emit (events.js:208:7)
36 verbose stack     at endReadableNT (_stream_readable.js:1064:12)
36 verbose stack     at _combinedTickCallback (internal/process/next_tick.js:138:11)
36 verbose stack     at process._tickCallback (internal/process/next_tick.js:180:9)
37 verbose statusCode 403
38 verbose pkgid markdown-it-erd
39 verbose cwd /home/michael/Documents/gitRepos/markdown-it-erd
40 error Linux 4.15.0-72-generic
41 error argv "/usr/bin/node" "/usr/bin/npm" "publish"
42 error node v8.10.0
43 error npm  v3.5.2
44 error code E403
45 error you must verify your email before publishing a new package: https://www.npmjs.com/email-edit : markdown-it-erd
46 error If you need help, you may report this error at:
46 error     <https://github.com/npm/npm/issues>
47 verbose exit [ 1, true ]
